2024-07-12 01:32:21 flat_generator (([[['a'], ['b', 'c']], ['d', 'e', [['f'], 'h'], False], [1, 2, None, [[[[['!']]]]], []]],), {}) = <generator object flat_generator at 0x000001A7C96A7660>
2024-07-12 01:32:21 flat_generator (([['a'], ['b', 'c']],), {}) = <generator object flat_generator at 0x000001A7C96A75F0>
2024-07-12 01:32:21 flat_generator ((['a'],), {}) = <generator object flat_generator at 0x000001A7C96A7580>
2024-07-12 01:32:21 flat_generator ((['b', 'c'],), {}) = <generator object flat_generator at 0x000001A7C96A7580>
2024-07-12 01:32:21 flat_generator ((['d', 'e', [['f'], 'h'], False],), {}) = <generator object flat_generator at 0x000001A7C96A75F0>
2024-07-12 01:32:21 flat_generator (([['f'], 'h'],), {}) = <generator object flat_generator at 0x000001A7C96A7580>
2024-07-12 01:32:21 flat_generator ((['f'],), {}) = <generator object flat_generator at 0x000001A7C96A7740>
2024-07-12 01:32:21 flat_generator (([1, 2, None, [[[[['!']]]]], []],), {}) = <generator object flat_generator at 0x000001A7C96A75F0>
2024-07-12 01:32:21 flat_generator (([[[[['!']]]]],), {}) = <generator object flat_generator at 0x000001A7C96A7580>
2024-07-12 01:32:21 flat_generator (([[[['!']]]],), {}) = <generator object flat_generator at 0x000001A7C96A7740>
2024-07-12 01:32:21 flat_generator (([[['!']]],), {}) = <generator object flat_generator at 0x000001A7C96A77B0>
2024-07-12 01:32:21 flat_generator (([['!']],), {}) = <generator object flat_generator at 0x000001A7C96A7890>
2024-07-12 01:32:21 flat_generator ((['!'],), {}) = <generator object flat_generator at 0x000001A7C96A7900>
2024-07-12 01:32:21 flat_generator (([],), {}) = <generator object flat_generator at 0x000001A7C96A7580>
2024-07-12 01:32:21 flat_generator (([[['a'], ['b', 'c']], ['d', 'e', [['f'], 'h'], False], [1, 2, None, [[[[['!']]]]], []]],), {}) = <generator object flat_generator at 0x000001A7C96A7660>
2024-07-12 01:32:21 flat_generator (([['a'], ['b', 'c']],), {}) = <generator object flat_generator at 0x000001A7C96A75F0>
2024-07-12 01:32:21 flat_generator ((['a'],), {}) = <generator object flat_generator at 0x000001A7C96A7580>
2024-07-12 01:32:21 flat_generator ((['b', 'c'],), {}) = <generator object flat_generator at 0x000001A7C96A7580>
2024-07-12 01:32:21 flat_generator ((['d', 'e', [['f'], 'h'], False],), {}) = <generator object flat_generator at 0x000001A7C96A75F0>
2024-07-12 01:32:21 flat_generator (([['f'], 'h'],), {}) = <generator object flat_generator at 0x000001A7C96A7580>
2024-07-12 01:32:21 flat_generator ((['f'],), {}) = <generator object flat_generator at 0x000001A7C96A7740>
2024-07-12 01:32:21 flat_generator (([1, 2, None, [[[[['!']]]]], []],), {}) = <generator object flat_generator at 0x000001A7C96A75F0>
2024-07-12 01:32:21 flat_generator (([[[[['!']]]]],), {}) = <generator object flat_generator at 0x000001A7C96A7580>
2024-07-12 01:32:21 flat_generator (([[[['!']]]],), {}) = <generator object flat_generator at 0x000001A7C96A7740>
2024-07-12 01:32:21 flat_generator (([[['!']]],), {}) = <generator object flat_generator at 0x000001A7C96A77B0>
2024-07-12 01:32:21 flat_generator (([['!']],), {}) = <generator object flat_generator at 0x000001A7C96A7890>
2024-07-12 01:32:21 flat_generator ((['!'],), {}) = <generator object flat_generator at 0x000001A7C96A7900>
2024-07-12 01:32:21 flat_generator (([],), {}) = <generator object flat_generator at 0x000001A7C96A7580>
2024-07-12 01:32:21 flat_generator (([[['a'], ['b', 'c']], ['d', 'e', [['f'], 'h'], False], [1, 2, None, [[[[['!']]]]], []]],), {}) = <generator object flat_generator at 0x000001A7C96A7660>
